<?xml version="1.0" encoding="UTF-8"?>
<testng-results ignored="0" total="2" passed="2" failed="0" skipped="0">
  <reporter-output>
  </reporter-output>
  <suite started-at="2019-04-28T18:15:13Z" name="Default suite" finished-at="2019-04-28T18:15:23Z" duration-ms="9558">
    <groups>
    </groups>
    <test started-at="2019-04-28T18:15:13Z" name="Default test" finished-at="2019-04-28T18:15:23Z" duration-ms="9558">
      <class name="AA.TestingParallel">
        <test-method signature="test1()[pri:0, instance:AA.TestingParallel@20deea7f]" started-at="2019-04-28T18:15:13Z" name="test1" finished-at="2019-04-28T18:15:18Z" duration-ms="5001" status="PASS">
          <reporter-output>
          </reporter-output>
        </test-method> <!-- test1 -->
        <test-method signature="test2()[pri:0, instance:AA.TestingParallel@20deea7f]" started-at="2019-04-28T18:15:18Z" name="test2" finished-at="2019-04-28T18:15:23Z" duration-ms="4531" status="PASS">
          <reporter-output>
          </reporter-output>
        </test-method> <!-- test2 -->
      </class> <!-- AA.TestingParallel -->
    </test> <!-- Default test -->
  </suite> <!-- Default suite -->
</testng-results>
